<?xml version="1.0" encoding="UTF-8"?>
<!-- Generated by org.testng.reporters.JUnitReportReporter -->
<testsuite hostname="DESKTOP-JGTTF6P" failures="0" tests="1" name="com.saucedemo.test.CheckoutTest" time="33.243" errors="0" timestamp="2025-02-08T08:47:17 IST" skipped="0">
  <testcase classname="com.saucedemo.test.CheckoutTest" name="testValidCheckoutProcess" time="33.243"/>
  <system-out/>
</testsuite> <!-- com.saucedemo.test.CheckoutTest -->
