<?xml version="1.0" encoding="UTF-8"?>
<!-- Generated by org.testng.reporters.JUnitReportReporter -->
<testsuite hostname="DESKTOP-JGTTF6P" failures="0" tests="2" name="com.saucedemo.test.LoginTest" time="47.023" errors="0" timestamp="2025-02-08T05:53:32 IST" skipped="0">
  <testcase classname="com.saucedemo.test.LoginTest" name="invalidLoginTest" time="23.812"/>
  <system-out/>
  <testcase classname="com.saucedemo.test.LoginTest" name="lockedOutUserTest" time="23.211"/>
  <system-out/>
</testsuite> <!-- com.saucedemo.test.LoginTest -->
