<?xml version="1.0" encoding="UTF-8"?>
<!-- Generated by org.testng.reporters.JUnitReportReporter -->
<testsuite hostname="DESKTOP-JGTTF6P" failures="0" tests="1" name="com.saucedemo.test.WindowHandleTest" time="37.257" errors="0" timestamp="2025-02-08T09:29:35 IST" skipped="0">
  <testcase classname="com.saucedemo.test.WindowHandleTest" name="testTwitterWindowHandle" time="37.257"/>
  <system-out/>
</testsuite> <!-- com.saucedemo.test.WindowHandleTest -->
